<?xml version="1.0" encoding="UTF-8"?>
<!-- Generated by org.testng.reporters.JUnitReportReporter -->
<testsuite hostname="DESKTOP-6UB5GE2" failures="0" tests="4" name="TestRunner.LoginRunner" time="40.501" errors="0" timestamp="2024-01-06T15:44:34 IST" skipped="0">
  <testcase classname="TestRunner.LoginRunner" name="loginTestCase" time="13.735"/>
  <system-out/>
  <testcase classname="TestRunner.LoginRunner" name="loginTestCase" time="7.963"/>
  <system-out/>
  <testcase classname="TestRunner.LoginRunner" name="loginTestCase" time="11.590"/>
  <system-out/>
  <testcase classname="TestRunner.LoginRunner" name="loginTestCase" time="7.213"/>
  <system-out/>
</testsuite> <!-- TestRunner.LoginRunner -->
